<?xml version="1.0" encoding="UTF-8"?>
<!-- Generated by org.testng.reporters.JUnitXMLReporter -->
<testsuite ignored="0" hostname="MacBookPro" failures="6" tests="6" name="Default test" time="17.172" errors="0" timestamp="2025-05-07T13:13:12 EDT">
  <testcase classname="io.cucumber.testng.AbstractTestNGCucumberTests" name="runScenario" time="2.941">
    <failure type="java.lang.NullPointerException" message="Cannot invoke &amp;quot;org.apache.log4j.Logger.info(Object)&amp;quot; because &amp;quot;StepDefinition.StepDef.log&amp;quot; is null">
      <![CDATA[java.lang.NullPointerException: Cannot invoke "org.apache.log4j.Logger.info(Object)" because "StepDefinition.StepDef.log" is null
at StepDefinition.StepDef.user_opens_url(StepDef.java:91)
at ✽.User opens URL "https://admin-demo.nopcommerce.com/login"(file:///Users/iamramkdas/eclipse-workspace/Cucumber_Framework/Features/Customers.feature:6)
]]>
    </failure>
  </testcase> <!-- runScenario -->
  <testcase classname="io.cucumber.testng.AbstractTestNGCucumberTests" name="runScenario" time="2.26">
    <failure type="java.lang.NullPointerException" message="Cannot invoke &amp;quot;org.apache.log4j.Logger.info(Object)&amp;quot; because &amp;quot;StepDefinition.StepDef.log&amp;quot; is null">
      <![CDATA[java.lang.NullPointerException: Cannot invoke "org.apache.log4j.Logger.info(Object)" because "StepDefinition.StepDef.log" is null
at StepDefinition.StepDef.user_opens_url(StepDef.java:91)
at ✽.User opens URL "https://admin-demo.nopcommerce.com/login"(file:///Users/iamramkdas/eclipse-workspace/Cucumber_Framework/Features/Customers.feature:6)
]]>
    </failure>
  </testcase> <!-- runScenario -->
  <testcase classname="io.cucumber.testng.AbstractTestNGCucumberTests" name="runScenario" time="2.936">
    <failure type="java.lang.NullPointerException" message="Cannot invoke &amp;quot;org.apache.log4j.Logger.info(Object)&amp;quot; because &amp;quot;StepDefinition.StepDef.log&amp;quot; is null">
      <![CDATA[java.lang.NullPointerException: Cannot invoke "org.apache.log4j.Logger.info(Object)" because "StepDefinition.StepDef.log" is null
at StepDefinition.StepDef.user_opens_url(StepDef.java:91)
at ✽.User opens URL "https://admin-demo.nopcommerce.com/login"(file:///Users/iamramkdas/eclipse-workspace/Cucumber_Framework/Features/Customers.feature:6)
]]>
    </failure>
  </testcase> <!-- runScenario -->
  <testcase classname="io.cucumber.testng.AbstractTestNGCucumberTests" name="runScenario" time="3.011">
    <failure type="java.lang.NullPointerException" message="Cannot invoke &amp;quot;org.apache.log4j.Logger.info(Object)&amp;quot; because &amp;quot;StepDefinition.StepDef.log&amp;quot; is null">
      <![CDATA[java.lang.NullPointerException: Cannot invoke "org.apache.log4j.Logger.info(Object)" because "StepDefinition.StepDef.log" is null
at StepDefinition.StepDef.user_opens_url(StepDef.java:91)
at ✽.User opens URL "http://admin-demo.nopcommerce.com/login"(file:///Users/iamramkdas/eclipse-workspace/Cucumber_Framework/Features/LoginFeature.feature:6)
]]>
    </failure>
  </testcase> <!-- runScenario -->
  <testcase classname="io.cucumber.testng.AbstractTestNGCucumberTests" name="runScenario" time="2.88">
    <failure type="java.lang.NullPointerException" message="Cannot invoke &amp;quot;org.apache.log4j.Logger.info(Object)&amp;quot; because &amp;quot;StepDefinition.StepDef.log&amp;quot; is null">
      <![CDATA[java.lang.NullPointerException: Cannot invoke "org.apache.log4j.Logger.info(Object)" because "StepDefinition.StepDef.log" is null
at StepDefinition.StepDef.user_opens_url(StepDef.java:91)
at ✽.User opens URL "http://admin-demo.nopcommerce.com/login"(file:///Users/iamramkdas/eclipse-workspace/Cucumber_Framework/Features/LoginFeature.feature:17)
]]>
    </failure>
  </testcase> <!-- runScenario -->
  <testcase classname="io.cucumber.testng.AbstractTestNGCucumberTests" name="runScenario" time="2.502">
    <failure type="java.lang.NullPointerException" message="Cannot invoke &amp;quot;org.apache.log4j.Logger.info(Object)&amp;quot; because &amp;quot;StepDefinition.StepDef.log&amp;quot; is null">
      <![CDATA[java.lang.NullPointerException: Cannot invoke "org.apache.log4j.Logger.info(Object)" because "StepDefinition.StepDef.log" is null
at StepDefinition.StepDef.user_opens_url(StepDef.java:91)
at ✽.User opens URL "http://admin-demo.nopcommerce.com/login"(file:///Users/iamramkdas/eclipse-workspace/Cucumber_Framework/Features/LoginFeature.feature:17)
]]>
    </failure>
  </testcase> <!-- runScenario -->
</testsuite> <!-- Default test -->
